
================================================================================
SATURATED RUN (negative control) — VALID multi-section outline, fully-covered facets
================================================================================
[live_retriever] openalex_search failed for 'Eiffel Tower construction history 1887 1889 timeline Gustave' (fail-open): HTTP 429 from https://api.openalex.org/works
Warning: You are sending unauthenticated requests to the HF Hub. Please set a HF_TOKEN to enable higher rate limits and faster downloads.
Loading weights:   0%|          | 0/103 [00:00<?, ?it/s]Loading weights: 100%|██████████| 103/103 [00:00<00:00, 8190.91it/s]
[FETCH]... ↓ https://en.wikipedia.org/wiki/Eiffel_Tower                         
| ✓ | ⏱: 0.96s 
[FETCH]... ↓ 
https://artsandculture.google.com/story/the-cons...he-eiffel-tower-tour-eiffel/U
gWBgIpO0RsA8A?hl=en  | ✓ | ⏱: 1.08s 
[SCRAPE].. ◆ 
https://artsandculture.google.com/story/the-cons...he-eiffel-tower-tour-eiffel/U
gWBgIpO0RsA8A?hl=en  | ✓ | ⏱: 0.17s 
[COMPLETE] ● 
https://artsandculture.google.com/story/the-cons...he-eiffel-tower-tour-eiffel/U
gWBgIpO0RsA8A?hl=en  | ✓ | ⏱: 1.31s 
[FETCH]... ↓ 
https://www.facebook.com/goodlifefrance/posts/on...he-eiffel-tower-was-completed
-/1257783746531410/  | ✓ | ⏱: 2.41s 
[FETCH]... ↓ 
https://www.hagley.org/librarynews/start-something-big-constructing-eiffel-tower
| ✓ | ⏱: 3.36s 
[SCRAPE].. ◆ https://en.wikipedia.org/wiki/Eiffel_Tower                         
| ✓ | ⏱: 2.83s 
[FETCH]... ↓ 
https://www.designerjourneys.com/blog/eiffel-tower-history-and-1889-moments-in-p
aris/                | ✓ | ⏱: 3.79s 
[COMPLETE] ● https://en.wikipedia.org/wiki/Eiffel_Tower                         
| ✓ | ⏱: 3.85s 
[FETCH]... ↓ https://www.toureiffel.paris/en/the-monument/history               
| ✓ | ⏱: 3.88s 
[FETCH]... ↓ 
https://www.pariscityvision.com/en/paris/landmarks/eiffel-tower/construction-dat
e                    | ✓ | ⏱: 3.89s 
[FETCH]... ↓ https://kr.pinterest.com/pin/216735800826810886/                   
| ✓ | ⏱: 4.01s 
[SCRAPE].. ◆ 
https://www.designerjourneys.com/blog/eiffel-tower-history-and-1889-moments-in-p
aris/                | ✓ | ⏱: 0.39s 
[COMPLETE] ● 
https://www.designerjourneys.com/blog/eiffel-tower-history-and-1889-moments-in-p
aris/                | ✓ | ⏱: 4.22s 
[SCRAPE].. ◆ https://kr.pinterest.com/pin/216735800826810886/                   
| ✓ | ⏱: 0.50s 
[COMPLETE] ● https://kr.pinterest.com/pin/216735800826810886/                   
| ✓ | ⏱: 4.56s 
[SCRAPE].. ◆ https://www.toureiffel.paris/en/the-monument/history               
| ✓ | ⏱: 1.08s 
[COMPLETE] ● https://www.toureiffel.paris/en/the-monument/history               
| ✓ | ⏱: 4.98s 
[SCRAPE].. ◆ 
https://www.pariscityvision.com/en/paris/landmarks/eiffel-tower/construction-dat
e                    | ✓ | ⏱: 1.15s 
[COMPLETE] ● 
https://www.pariscityvision.com/en/paris/landmarks/eiffel-tower/construction-dat
e                    | ✓ | ⏱: 5.06s 
[SCRAPE].. ◆ 
https://www.facebook.com/goodlifefrance/posts/on...he-eiffel-tower-was-completed
-/1257783746531410/  | ✓ | ⏱: 3.12s 
[COMPLETE] ● 
https://www.facebook.com/goodlifefrance/posts/on...he-eiffel-tower-was-completed
-/1257783746531410/  | ✓ | ⏱: 5.60s 
[SCRAPE].. ◆ 
https://www.hagley.org/librarynews/start-something-big-constructing-eiffel-tower
| ✓ | ⏱: 3.49s 
[COMPLETE] ● 
https://www.hagley.org/librarynews/start-something-big-constructing-eiffel-tower
| ✓ | ⏱: 6.92s 
Loading weights:   0%|          | 0/310 [00:00<?, ?it/s]Loading weights: 100%|██████████| 310/310 [00:00<00:00, 7564.25it/s]
[polaris graph] I-beatboth-008 #1285: generator and evaluator are BOTH family 'glm' and PG_PERMIT_GENERATOR_EVALUATOR_SAME_FAMILY=1 -> two-family self-bias safeguard DISABLED for this run (operator-approved all-GLM-5.2). Disclosed.
[bootstrap] query='Eiffel Tower construction history 1887 1889 timeline Gustave Eiffel build phases' -> 8 evidence rows (fetched=8, failed=0)
[live_retriever] openalex_search failed for 'Eiffel Tower structural engineering design wrought iron latt' (fail-open): HTTP 429 from https://api.openalex.org/works
[FETCH]... ↓ 
https://www.machupicchu.org/eiffel-tower-architecture-revolutionary-engineering-
marvel.htm           | ✓ | ⏱: 1.03s 
[SCRAPE].. ◆ 
https://www.machupicchu.org/eiffel-tower-architecture-revolutionary-engineering-
marvel.htm           | ✓ | ⏱: 0.56s 
[COMPLETE] ● 
https://www.machupicchu.org/eiffel-tower-architecture-revolutionary-engineering-
marvel.htm           | ✓ | ⏱: 1.63s 
[FETCH]... ↓ 
https://www.facebook.com/NOVApbs/posts/the-shape...pecifically-designed-to-withs
ta/787731496734570/  | ✓ | ⏱: 2.20s 
[SCRAPE].. ◆ 
https://www.facebook.com/NOVApbs/posts/the-shape...pecifically-designed-to-withs
ta/787731496734570/  | ✓ | ⏱: 0.48s 
[COMPLETE] ● 
https://www.facebook.com/NOVApbs/posts/the-shape...pecifically-designed-to-withs
ta/787731496734570/  | ✓ | ⏱: 2.71s 
[FETCH]... ↓ https://www.instagram.com/p/C7q4BrbPr86/                           
| ✓ | ⏱: 2.74s 
[SCRAPE].. ◆ https://www.instagram.com/p/C7q4BrbPr86/                           
| ✓ | ⏱: 0.14s 
[COMPLETE] ● https://www.instagram.com/p/C7q4BrbPr86/                           
| ✓ | ⏱: 2.92s 
[FETCH]... ↓ https://www.youtube.com/watch?v=5VHi1BSBnKs                        
| ✓ | ⏱: 3.01s 
[FETCH]... ↓ 
https://cmqconsulting.com/the-eiffel-towers-structural-engineering-in-the-19th-c
entury/              | ✓ | ⏱: 3.01s 
[SCRAPE].. ◆ 
https://cmqconsulting.com/the-eiffel-towers-structural-engineering-in-the-19th-c
entury/              | ✓ | ⏱: 0.55s 
[COMPLETE] ● 
https://cmqconsulting.com/the-eiffel-towers-structural-engineering-in-the-19th-c
entury/              | ✓ | ⏱: 3.60s 
[SCRAPE].. ◆ https://www.youtube.com/watch?v=5VHi1BSBnKs                        
| ✓ | ⏱: 0.98s 
[COMPLETE] ● https://www.youtube.com/watch?v=5VHi1BSBnKs                        
| ✓ | ⏱: 4.14s 
[FETCH]... ↓ https://repository.lboro.ac.uk/ndownloader/files/25471472/1        
| ✓ | ⏱: 4.44s 
[SCRAPE].. ◆ https://repository.lboro.ac.uk/ndownloader/files/25471472/1        
| ✓ | ⏱: 0.00s 
[COMPLETE] ● https://repository.lboro.ac.uk/ndownloader/files/25471472/1        
| ✓ | ⏱: 4.45s 
[polaris graph] CRAWL4AI: Insufficient content for https://repository.lboro.ac.uk/ndownloader/files/25471472/1 (1 chars)
[FETCH]... ↓ 
https://pubs.aip.org/aip/acp/article-pdf/doi/10.1063/1.4961101/12829131/020003_1
_online.pdf          | ✓ | ⏱: 0.43s 
[SCRAPE].. ◆ 
https://pubs.aip.org/aip/acp/article-pdf/doi/10.1063/1.4961101/12829131/020003_1
_online.pdf          | ✓ | ⏱: 0.01s 
[COMPLETE] ● 
https://pubs.aip.org/aip/acp/article-pdf/doi/10.1063/1.4961101/12829131/020003_1
_online.pdf          | ✗ | ⏱: 0.44s 
[FETCH]... ↓ https://www.ce.jhu.edu/perspectives/assignments_13/hw2 part b 
(eiffel ss).pdf                        | ✓ | ⏱: 0.65s 
[SCRAPE].. ◆ https://www.ce.jhu.edu/perspectives/assignments_13/hw2 part b 
(eiffel ss).pdf                        | ✓ | ⏱: 0.00s 
[COMPLETE] ● https://www.ce.jhu.edu/perspectives/assignments_13/hw2 part b 
(eiffel ss).pdf                        | ✗ | ⏱: 0.66s 
[polaris graph] CRAWL4AI: Failed for https://pubs.aip.org/aip/acp/article-pdf/doi/10.1063/1.49611: Blocked by anti-bot protection: Cloudflare JS challenge
[polaris graph] CRAWL4AI: Failed for https://www.ce.jhu.edu/perspectives/assignments_13/hw2%20par: Blocked by anti-bot protection: Structural: minimal_text, no_content_elements (174 bytes, 0 chars visible)
[ACCESS] ALL access methods exhausted for https://repository.lboro.ac.uk/ndownloader/files/25471472/1
[ACCESS] ALL access methods exhausted for https://www.ce.jhu.edu/perspectives/assignments_13/hw2%20part%20b%20(eiffel%20ss
[bootstrap] query='Eiffel Tower structural engineering design wrought iron lattice wind resistance load' -> 5 evidence rows (fetched=5, failed=3)
[live_retriever] openalex_search failed for 'Eiffel Tower French cultural identity symbol Paris landmark ' (fail-open): HTTP 429 from https://api.openalex.org/works
[FETCH]... ↓ 
https://www.quora.com/What-does-the-Eiffel-Tower...uch-an-important-part-of-thei
r-national-identity  | ✓ | ⏱: 0.52s 
[SCRAPE].. ◆ 
https://www.quora.com/What-does-the-Eiffel-Tower...uch-an-important-part-of-thei
r-national-identity  | ✓ | ⏱: 0.01s 
[COMPLETE] ● 
https://www.quora.com/What-does-the-Eiffel-Tower...uch-an-important-part-of-thei
r-national-identity  | ✗ | ⏱: 0.53s 
[FETCH]... ↓ 
https://www.quora.com/What-is-the-Eiffel-Tower-and-what-does-it-represent-for-Fr
ance                 | ✓ | ⏱: 0.46s 
[SCRAPE].. ◆ 
https://www.quora.com/What-is-the-Eiffel-Tower-and-what-does-it-represent-for-Fr
ance                 | ✓ | ⏱: 0.01s 
[COMPLETE] ● 
https://www.quora.com/What-is-the-Eiffel-Tower-and-what-does-it-represent-for-Fr
ance                 | ✗ | ⏱: 0.48s 
[polaris graph] CRAWL4AI: Failed for https://www.quora.com/What-does-the-Eiffel-Tower-represent-f: Blocked by anti-bot protection: Cloudflare JS challenge
[polaris graph] CRAWL4AI: Failed for https://www.quora.com/What-is-the-Eiffel-Tower-and-what-does: Blocked by anti-bot protection: Cloudflare JS challenge
[FETCH]... ↓ https://en.wikipedia.org/wiki/Eiffel_Tower                         
| ✓ | ⏱: 0.99s 
[FETCH]... ↓ 
https://www.machupicchu.org/eiffel-tower-from-1889-expo-to-modern-icon.htm      
| ✓ | ⏱: 1.00s 
[FETCH]... ↓ https://www.toureiffel.paris/en/the-monument                       
| ✓ | ⏱: 1.23s 
[FETCH]... ↓ 
https://www.facebook.com/groups/448483692003673/posts/2838135449705140/         
| ✓ | ⏱: 1.26s 
[SCRAPE].. ◆ https://www.toureiffel.paris/en/the-monument                       
| ✓ | ⏱: 0.16s 
[COMPLETE] ● https://www.toureiffel.paris/en/the-monument                       
| ✓ | ⏱: 1.40s 
[SCRAPE].. ◆ 
https://www.facebook.com/groups/448483692003673/posts/2838135449705140/         
| ✓ | ⏱: 0.28s 
[COMPLETE] ● 
https://www.facebook.com/groups/448483692003673/posts/2838135449705140/         
| ✓ | ⏱: 1.59s 
[FETCH]... ↓ 
https://www.facebook.com/groups/parisfrancetravel/posts/3502001050128250/       
| ✓ | ⏱: 1.63s 
[SCRAPE].. ◆ 
https://www.facebook.com/groups/parisfrancetravel/posts/3502001050128250/       
| ✓ | ⏱: 0.11s 
[COMPLETE] ● 
https://www.facebook.com/groups/parisfrancetravel/posts/3502001050128250/       
| ✓ | ⏱: 1.76s 
[polaris graph] CRAWL4AI: Insufficient content for https://www.facebook.com/groups/parisfrancetravel/posts/3502 (9 chars)
[SCRAPE].. ◆ 
https://www.machupicchu.org/eiffel-tower-from-1889-expo-to-modern-icon.htm      
| ✓ | ⏱: 1.65s 
[COMPLETE] ● 
https://www.machupicchu.org/eiffel-tower-from-1889-expo-to-modern-icon.htm      
| ✓ | ⏱: 2.75s 
[FETCH]... ↓ 
https://www.grayline.com/magazine/eiffel-tower-the-iconic-soul-of-paris/        
| ✓ | ⏱: 2.82s 
[SCRAPE].. ◆ 
https://www.grayline.com/magazine/eiffel-tower-the-iconic-soul-of-paris/        
| ✓ | ⏱: 0.12s 
[COMPLETE] ● 
https://www.grayline.com/magazine/eiffel-tower-the-iconic-soul-of-paris/        
| ✓ | ⏱: 2.95s 
[SCRAPE].. ◆ https://en.wikipedia.org/wiki/Eiffel_Tower                         
| ✓ | ⏱: 4.03s 
[COMPLETE] ● https://en.wikipedia.org/wiki/Eiffel_Tower                         
| ✓ | ⏱: 5.06s 
[polaris graph] I-beatboth-008 #1285: generator and evaluator are BOTH family 'glm' and PG_PERMIT_GENERATOR_EVALUATOR_SAME_FAMILY=1 -> two-family self-bias safeguard DISABLED for this run (operator-approved all-GLM-5.2). Disclosed.
[bootstrap] query='Eiffel Tower French cultural identity symbol Paris landmark significance tourism' -> 7 evidence rows (fetched=7, failed=1)

--- SATURATED RUN RESULT (elapsed 175.6s) ---
turns=1 ev_before=8 ev_after=8 new_evidence=0
gap_ledger:
disclosures:
  - finish_outline ACCEPTED at turn 1: pending=0, budget_remains=True
valid_negative_control=False (full_loop_ran=False, seed_outline_invalid_early_return=False, plans_nonempty=True, section_count=3 (>=3 required), turns>=1=True, checklist_ran=False, finish_accepted=True, zero_searches=True [search_calls=0])

################################################################################
ACCEPTANCE SUMMARY
################################################################################
{
  "saturated": {
    "elapsed_s": 175.6,
    "turns": 1,
    "ev_before": 8,
    "ev_after": 8,
    "new_evidence_count": 0,
    "search_more_evidence_calls": 0,
    "section_count": 3,
    "full_loop_ran": false,
    "valid_negative_control": false,
    "seed_outline_invalid_early_return": false,
    "seed_reason_codes": null,
    "gap_ledger": [],
    "disclosures": [
      "finish_outline ACCEPTED at turn 1: pending=0, budget_remains=True"
    ]
  }
}
