
================================================================================
THIN RUN — seed covers only 'efficacy', question also asks 'long-term CV safety'
================================================================================
[live_retriever] openalex_search failed for 'tirzepatide 15mg HbA1c reduction efficacy SURPASS trial resu' (fail-open): HTTP 429 from https://api.openalex.org/works
Warning: You are sending unauthenticated requests to the HF Hub. Please set a HF_TOKEN to enable higher rate limits and faster downloads.
Loading weights:   0%|          | 0/103 [00:00<?, ?it/s]Loading weights: 100%|██████████| 103/103 [00:00<00:00, 7374.88it/s]
[FETCH]... ↓ 
https://diabetesjournals.org/care/article/48/5/7.../Early-Fasting-Serum-Glucose-
or-Weight-Reduction  | ✓ | ⏱: 0.66s 
[SCRAPE].. ◆ 
https://diabetesjournals.org/care/article/48/5/7.../Early-Fasting-Serum-Glucose-
or-Weight-Reduction  | ✓ | ⏱: 0.01s 
[COMPLETE] ● 
https://diabetesjournals.org/care/article/48/5/7.../Early-Fasting-Serum-Glucose-
or-Weight-Reduction  | ✗ | ⏱: 0.68s 
[FETCH]... ↓ 
https://www.nejm.org/doi/pdf/10.1056/NEJMoa2206038?articleTools=true            
| ✓ | ⏱: 0.68s 
[SCRAPE].. ◆ 
https://www.nejm.org/doi/pdf/10.1056/NEJMoa2206038?articleTools=true            
| ✓ | ⏱: 0.00s 
[COMPLETE] ● 
https://www.nejm.org/doi/pdf/10.1056/NEJMoa2206038?articleTools=true            
| ✗ | ⏱: 0.69s 
[polaris graph] CRAWL4AI: Failed for https://www.nejm.org/doi/pdf/10.1056/NEJMoa2206038?articleTo: Blocked by anti-bot protection: Structural: minimal_text, no_content_elements (174 bytes, 0 chars visible)
[polaris graph] CRAWL4AI: Failed for https://diabetesjournals.org/care/article/48/5/790/158020/Ea: Blocked by anti-bot protection: Cloudflare JS challenge
[FETCH]... ↓ 
https://diabetes.org/newsroom/latest-data-from-S...tide-provided-blood-sugar-red
uctions-weight-loss  | ✓ | ⏱: 1.38s 
[SCRAPE].. ◆ 
https://diabetes.org/newsroom/latest-data-from-S...tide-provided-blood-sugar-red
uctions-weight-loss  | ✓ | ⏱: 0.19s 
[COMPLETE] ● 
https://diabetes.org/newsroom/latest-data-from-S...tide-provided-blood-sugar-red
uctions-weight-loss  | ✓ | ⏱: 1.59s 
[FETCH]... ↓ 
https://www.prnewswire.com/news-releases/tirzepa...rials-from-lillys-surpass-pro
gram-301229506.html  | ✓ | ⏱: 1.87s 
[SCRAPE].. ◆ 
https://www.prnewswire.com/news-releases/tirzepa...rials-from-lillys-surpass-pro
gram-301229506.html  | ✓ | ⏱: 0.28s 
[COMPLETE] ● 
https://www.prnewswire.com/news-releases/tirzepa...rials-from-lillys-surpass-pro
gram-301229506.html  | ✓ | ⏱: 2.17s 
[FETCH]... ↓ 
https://investor.lilly.com/news-releases/news-re...achieved-superior-a1c-and-bod
y-weight-reductions  | ✓ | ⏱: 2.28s 
[SCRAPE].. ◆ 
https://investor.lilly.com/news-releases/news-re...achieved-superior-a1c-and-bod
y-weight-reductions  | ✓ | ⏱: 0.17s 
[COMPLETE] ● 
https://investor.lilly.com/news-releases/news-re...achieved-superior-a1c-and-bod
y-weight-reductions  | ✓ | ⏱: 2.46s 
[FETCH]... ↓ https://doi.org/10.1016/j.pcd.2025.03.008                          
| ✓ | ⏱: 4.71s 
[SCRAPE].. ◆ https://doi.org/10.1016/j.pcd.2025.03.008                          
| ✓ | ⏱: 0.88s 
[COMPLETE] ● https://doi.org/10.1016/j.pcd.2025.03.008                          
| ✓ | ⏱: 5.63s 
[ACCESS] Jina Reader returned status 200 for https://doi.org/10.1016/j.pcd.2025.03.008
Loading weights:   0%|          | 0/310 [00:00<?, ?it/s]Loading weights: 100%|██████████| 310/310 [00:00<00:00, 7079.88it/s]
[bootstrap] query='tirzepatide 15mg HbA1c reduction efficacy SURPASS trial results' -> 5 evidence rows (fetched=5, failed=1)
[live_retriever] openalex_search failed for 'tirzepatide 15mg long-term cardiovascular safety major adver' (fail-open): HTTP 429 from https://api.openalex.org/works
[FETCH]... ↓ https://academic.oup.com/ehjopen/article/5/5/oeaf117/8246115       
| ✓ | ⏱: 0.81s 
[FETCH]... ↓ https://clinicaltrials.gov/study/NCT05556512                       
| ✓ | ⏱: 0.94s 
[SCRAPE].. ◆ https://academic.oup.com/ehjopen/article/5/5/oeaf117/8246115       
| ✓ | ⏱: 0.01s 
[COMPLETE] ● https://academic.oup.com/ehjopen/article/5/5/oeaf117/8246115       
| ✗ | ⏱: 0.83s 
[FETCH]... ↓ https://trials.lilly.com/en-US/trial/362220                        
| ✓ | ⏱: 1.10s 
[polaris graph] CRAWL4AI: Failed for https://academic.oup.com/ehjopen/article/5/5/oeaf117/8246115: Blocked by anti-bot protection: Cloudflare JS challenge
[SCRAPE].. ◆ https://trials.lilly.com/en-US/trial/362220                        
| ✓ | ⏱: 0.13s 
[SCRAPE].. ◆ https://clinicaltrials.gov/study/NCT05556512                       
| ✓ | ⏱: 0.30s 
[COMPLETE] ● https://trials.lilly.com/en-US/trial/362220                        
| ✓ | ⏱: 1.30s 
[COMPLETE] ● https://clinicaltrials.gov/study/NCT05556512                       
| ✓ | ⏱: 1.27s 
[polaris graph] CRAWL4AI: Insufficient content for https://trials.lilly.com/en-US/trial/362220 (54 chars)
[FETCH]... ↓ https://pubmed.ncbi.nlm.nih.gov/40545827/                          
| ✓ | ⏱: 1.59s 
[SCRAPE].. ◆ https://pubmed.ncbi.nlm.nih.gov/40545827/                          
| ✓ | ⏱: 0.01s 
[COMPLETE] ● https://pubmed.ncbi.nlm.nih.gov/40545827/                          
| ✓ | ⏱: 1.61s 
[FETCH]... ↓ https://onlinelibrary.wiley.com/doi/pdfdirect/10.1111/dom.15318    
| ✓ | ⏱: 0.73s 
[SCRAPE].. ◆ https://onlinelibrary.wiley.com/doi/pdfdirect/10.1111/dom.15318    
| ✓ | ⏱: 0.01s 
[COMPLETE] ● https://onlinelibrary.wiley.com/doi/pdfdirect/10.1111/dom.15318    
| ✗ | ⏱: 0.75s 
[FETCH]... ↓ 
https://www.docwirenews.com/post/surmount-mmo-in...patides-role-in-preventing-ca
rdiovascular-events  | ✓ | ⏱: 2.12s 
[polaris graph] CRAWL4AI: Failed for https://onlinelibrary.wiley.com/doi/pdfdirect/10.1111/dom.15: Blocked by anti-bot protection: Cloudflare JS challenge
[SCRAPE].. ◆ 
https://www.docwirenews.com/post/surmount-mmo-in...patides-role-in-preventing-ca
rdiovascular-events  | ✓ | ⏱: 0.13s 
[COMPLETE] ● 
https://www.docwirenews.com/post/surmount-mmo-in...patides-role-in-preventing-ca
rdiovascular-events  | ✓ | ⏱: 2.27s 
[FETCH]... ↓ 
https://www.acc.org/latest-in-cardiology/clinical-trials/2022/08/04/15/32/surmou
nt-1                 | ✓ | ⏱: 2.51s 
[SCRAPE].. ◆ 
https://www.acc.org/latest-in-cardiology/clinical-trials/2022/08/04/15/32/surmou
nt-1                 | ✓ | ⏱: 0.21s 
[COMPLETE] ● 
https://www.acc.org/latest-in-cardiology/clinical-trials/2022/08/04/15/32/surmou
nt-1                 | ✓ | ⏱: 2.78s 
[FETCH]... ↓ https://www.tandfonline.com/doi/full/10.1080/14656566.2024.2436595 
| ✓ | ⏱: 2.10s 
[SCRAPE].. ◆ https://www.tandfonline.com/doi/full/10.1080/14656566.2024.2436595 
| ✓ | ⏱: 1.91s 
[COMPLETE] ● https://www.tandfonline.com/doi/full/10.1080/14656566.2024.2436595 
| ✓ | ⏱: 4.04s 
[FETCH]... ↓ https://europepmc.org/article/med/40545827                         
| ✓ | ⏱: 4.81s 
[SCRAPE].. ◆ https://europepmc.org/article/med/40545827                         
| ✓ | ⏱: 0.03s 
[COMPLETE] ● https://europepmc.org/article/med/40545827                         
| ✓ | ⏱: 4.85s 

--- THIN RUN RESULT (elapsed 200.0s) ---
outline_mutated=True update_outline_calls=1
seed_ev_by_title={'Efficacy': 4, 'Comparative': 3}
final_ev_by_title={'Efficacy': 4, 'Comparative': 3, 'Safety': 8}
turns=2 ev_before=5 ev_after=13 new_evidence=8
gap_ledger:
  {'section': 'Safety', 'aspect': 'long-term cardiovascular safety', 'needed_kind': 'coverage', 'status': 'COMPLETE', 'attempts': 1, 'source': 'checklist', 'disclosure': ''}
disclosures:
  - checklist[seed] named 1 gap(s): Safety::long-term cardiovascular safety
  - search_more_evidence['long-term cardiovascular safety'] query='tirzepatide 15mg long-term cardiovascular safety major adverse cardiovascular events SURMOUNT-MMO' fetched 8 of 10, url-dup dropped 0, kept 8, deleted 0 (chrome=0, off-topic=0) in 19.8s
  - update_outline: Applied 1 op(s); recompose=['Safety']; kept=2; rejected=0; deferred=0; gap_queries routed to ledger: 0
  - auto-assign: no existing section matched 'Safety' — ADDED new section 'Safety' with 8 new ev_id(s) (iter-2 fix — a named gap with no home no longer orphans rows)
  - checklist[after_fold] ran: NONE (no grounded deficiencies)
  - checklist[finish_attempt_turn_2] ran: NONE (no grounded deficiencies)
  - finish_outline ACCEPTED at turn 2: pending=0, budget_remains=True
final outline plans:
  - 'Efficacy': 4 ev_ids
  - 'Comparative': 3 ev_ids
  - 'Safety': 8 ev_ids

################################################################################
ACCEPTANCE SUMMARY
################################################################################
{
  "thin": {
    "elapsed_s": 200.0,
    "turns": 2,
    "ev_before": 5,
    "ev_after": 13,
    "new_evidence_count": 8,
    "search_more_evidence_calls": 1,
    "checklist_gap_events": 3,
    "unfilled_gaps": [],
    "outline_mutated": true,
    "update_outline_calls": 1,
    "final_section_ev_counts": {
      "Efficacy": 4,
      "Comparative": 3,
      "Safety": 8
    },
    "disclosures": [
      "checklist[seed] named 1 gap(s): Safety::long-term cardiovascular safety",
      "search_more_evidence['long-term cardiovascular safety'] query='tirzepatide 15mg long-term cardiovascular safety major adverse cardiovascular events SURMOUNT-MMO' fetched 8 of 10, url-dup dropped 0, kept 8, deleted 0 (chrome=0, off-topic=0) in 19.8s",
      "update_outline: Applied 1 op(s); recompose=['Safety']; kept=2; rejected=0; deferred=0; gap_queries routed to ledger: 0",
      "auto-assign: no existing section matched 'Safety' \u2014 ADDED new section 'Safety' with 8 new ev_id(s) (iter-2 fix \u2014 a named gap with no home no longer orphans rows)",
      "checklist[after_fold] ran: NONE (no grounded deficiencies)",
      "checklist[finish_attempt_turn_2] ran: NONE (no grounded deficiencies)",
      "finish_outline ACCEPTED at turn 2: pending=0, budget_remains=True"
    ]
  }
}
