[race] target=polaris_step3_control.jsonl  article_chars=29240  prompt_task=72 lang=en
[race] running: /opt/conda/bin/python -u deepresearch_bench_race.py polaris_step3_control --raw_data_dir data/test_data/raw_data --cleaned_data_dir data/test_data/cleaned_data --query_file data/prompt_data/query_task72.jsonl --output_dir results/race/polaris_step3_control --max_workers 4 --only_en --force
INFO:__main__:Starting English data processing...
INFO:__main__:Checking if polaris_step3_control articles need cleaning...
Cleaning polaris_step3_control articles:   0%|          | 0/1 [00:00<?, ?it/s]Cleaning polaris_step3_control articles: 100%|██████████| 1/1 [01:07<00:00, 67.04s/it]Cleaning polaris_step3_control articles: 100%|██████████| 1/1 [01:07<00:00, 67.04s/it]
INFO:__main__:Loading en data from data/prompt_data/query_task72.jsonl...
INFO:__main__:Processing 1 en tasks...
Scoring en polaris_step3_control:   0%|          | 0/1 [00:00<?, ?it/s]Scoring en polaris_step3_control: 100%|██████████| 1/1 [01:01<00:00, 61.38s/it]Scoring en polaris_step3_control: 100%|██████████| 1/1 [01:01<00:00, 61.38s/it]
INFO:__main__:en evaluation complete. Successfully scored 1 out of 1 tasks.
INFO:__main__:Saving 1 results to results/race/polaris_step3_control/raw_results.jsonl...
INFO:__main__:Results saved successfully.
INFO:__main__:
=== Evaluation Results Summary ===
INFO:__main__:Comprehensiveness:      0.4569
INFO:__main__:Insight:                0.4293
INFO:__main__:Instruction Following:  0.4587
INFO:__main__:Readability:            0.4310
INFO:__main__:Overall Score:          0.4447
INFO:__main__:================================
INFO:__main__:--- Run Summary ---
INFO:__main__:Target model: polaris_step3_control
INFO:__main__:Total tasks processed: 1
INFO:__main__:Results file: results/race/polaris_step3_control/raw_results.jsonl
INFO:__main__:-------------------

===== RACE RESULT =====
Comprehensiveness: 0.4569
Insight: 0.4293
Instruction Following: 0.4587
Readability: 0.4310
Overall Score: 0.4447

